# JRE version: OpenJDK Runtime Environment (8.0_242-b01) (build 1.8.0_242-release-1644-b01)
# Java VM: OpenJDK 64-Bit Server VM (25.242-b01 mixed mode windows-amd64 compressed oops)
Heap:
 PSYoungGen      total 282112K, used 277303K [0x00000000d5580000, 0x00000000ea680000, 0x0000000100000000)
  eden space 267264K, 98% used [0x00000000d5580000,0x00000000e5607388,0x00000000e5a80000)
  from space 14848K, 98% used [0x00000000e9800000,0x00000000ea646968,0x00000000ea680000)
  to   space 33280K, 0% used [0x00000000e6580000,0x00000000e6580000,0x00000000e8600000)
 ParOldGen       total 205824K, used 75007K [0x0000000080000000, 0x000000008c900000, 0x00000000d5580000)
  object space 205824K, 36% used [0x0000000080000000,0x000000008493fe20,0x000000008c900000)
 Metaspace       used 123569K, capacity 130330K, committed 130584K, reserved 1163264K
  class space    used 15709K, capacity 16902K, committed 16944K, reserved 1048576K
GC Heap History (10 events):
Event: 43.889 GC heap before
{Heap before GC invocations=18 (full 4):
 PSYoungGen      total 278016K, used 250368K [0x00000000d5580000, 0x00000000ebf00000, 0x0000000100000000)
  eden space 250368K, 100% used [0x00000000d5580000,0x00000000e4a00000,0x00000000e4a00000)
  from space 27648K, 0% used [0x00000000e4a00000,0x00000000e4a00000,0x00000000e6500000)
  to   space 38400K, 0% used [0x00000000e9980000,0x00000000e9980000,0x00000000ebf00000)
 ParOldGen       total 205824K, used 74967K [0x0000000080000000, 0x000000008c900000, 0x00000000d5580000)
  object space 205824K, 36% used [0x0000000080000000,0x0000000084935e20,0x000000008c900000)
 Metaspace       used 104276K, capacity 108840K, committed 109080K, reserved 1144832K
  class space    used 13661K, capacity 14535K, committed 14640K, reserved 1048576K
Event: 43.907 GC heap after
Heap after GC invocations=18 (full 4):
 PSYoungGen      total 320512K, used 16412K [0x00000000d5580000, 0x00000000eb780000, 0x0000000100000000)
  eden space 289792K, 0% used [0x00000000d5580000,0x00000000d5580000,0x00000000e7080000)
  from space 30720K, 53% used [0x00000000e9980000,0x00000000ea987130,0x00000000eb780000)
  to   space 36352K, 0% used [0x00000000e7080000,0x00000000e7080000,0x00000000e9400000)
 ParOldGen       total 205824K, used 74975K [0x0000000080000000, 0x000000008c900000, 0x00000000d5580000)
  object space 205824K, 36% used [0x0000000080000000,0x0000000084937e20,0x000000008c900000)
 Metaspace       used 104276K, capacity 108840K, committed 109080K, reserved 1144832K
  class space    used 13661K, capacity 14535K, committed 14640K, reserved 1048576K
}
Event: 113.827 GC heap before
{Heap before GC invocations=19 (full 4):
 PSYoungGen      total 320512K, used 306204K [0x00000000d5580000, 0x00000000eb780000, 0x0000000100000000)
  eden space 289792K, 100% used [0x00000000d5580000,0x00000000e7080000,0x00000000e7080000)
  from space 30720K, 53% used [0x00000000e9980000,0x00000000ea987130,0x00000000eb780000)
  to   space 36352K, 0% used [0x00000000e7080000,0x00000000e7080000,0x00000000e9400000)
 ParOldGen       total 205824K, used 74975K [0x0000000080000000, 0x000000008c900000, 0x00000000d5580000)
  object space 205824K, 36% used [0x0000000080000000,0x0000000084937e20,0x000000008c900000)
 Metaspace       used 105240K, capacity 110078K, committed 110360K, reserved 1144832K
  class space    used 13703K, capacity 14606K, committed 14640K, reserved 1048576K
Event: 113.835 GC heap after
Heap after GC invocations=19 (full 4):
 PSYoungGen      total 326144K, used 7544K [0x00000000d5580000, 0x00000000edb80000, 0x0000000100000000)
  eden space 289792K, 0% used [0x00000000d5580000,0x00000000d5580000,0x00000000e7080000)
  from space 36352K, 20% used [0x00000000e7080000,0x00000000e77de050,0x00000000e9400000)
  to   space 36352K, 0% used [0x00000000eb800000,0x00000000eb800000,0x00000000edb80000)
 ParOldGen       total 205824K, used 74983K [0x0000000080000000, 0x000000008c900000, 0x00000000d5580000)
  object space 205824K, 36% used [0x0000000080000000,0x0000000084939e20,0x000000008c900000)
 Metaspace       used 105240K, capacity 110078K, committed 110360K, reserved 1144832K
  class space    used 13703K, capacity 14606K, committed 14640K, reserved 1048576K
}
Event: 422.432 GC heap before
{Heap before GC invocations=20 (full 4):
 PSYoungGen      total 326144K, used 297336K [0x00000000d5580000, 0x00000000edb80000, 0x0000000100000000)
  eden space 289792K, 100% used [0x00000000d5580000,0x00000000e7080000,0x00000000e7080000)
  from space 36352K, 20% used [0x00000000e7080000,0x00000000e77de050,0x00000000e9400000)
  to   space 36352K, 0% used [0x00000000eb800000,0x00000000eb800000,0x00000000edb80000)
 ParOldGen       total 205824K, used 74983K [0x0000000080000000, 0x000000008c900000, 0x00000000d5580000)
  object space 205824K, 36% used [0x0000000080000000,0x0000000084939e20,0x000000008c900000)
 Metaspace       used 105769K, capacity 110768K, committed 111000K, reserved 1144832K
  class space    used 13731K, capacity 14681K, committed 14768K, reserved 1048576K
Event: 422.449 GC heap after
Heap after GC invocations=20 (full 4):
 PSYoungGen      total 296448K, used 14056K [0x00000000d5580000, 0x00000000ec600000, 0x0000000100000000)
  eden space 282112K, 0% used [0x00000000d5580000,0x00000000d5580000,0x00000000e6900000)
  from space 14336K, 98% used [0x00000000eb800000,0x00000000ec5ba0c0,0x00000000ec600000)
  to   space 34304K, 0% used [0x00000000e8300000,0x00000000e8300000,0x00000000ea480000)
 ParOldGen       total 205824K, used 74991K [0x0000000080000000, 0x000000008c900000, 0x00000000d5580000)
  object space 205824K, 36% used [0x0000000080000000,0x000000008493be20,0x000000008c900000)
 Metaspace       used 105769K, capacity 110768K, committed 111000K, reserved 1144832K
  class space    used 13731K, capacity 14681K, committed 14768K, reserved 1048576K
}
Event: 431.944 GC heap before
{Heap before GC invocations=21 (full 4):
 PSYoungGen      total 296448K, used 296168K [0x00000000d5580000, 0x00000000ec600000, 0x0000000100000000)
  eden space 282112K, 100% used [0x00000000d5580000,0x00000000e6900000,0x00000000e6900000)
  from space 14336K, 98% used [0x00000000eb800000,0x00000000ec5ba0c0,0x00000000ec600000)
  to   space 34304K, 0% used [0x00000000e8300000,0x00000000e8300000,0x00000000ea480000)
 ParOldGen       total 205824K, used 74991K [0x0000000080000000, 0x000000008c900000, 0x00000000d5580000)
  object space 205824K, 36% used [0x0000000080000000,0x000000008493be20,0x000000008c900000)
 Metaspace       used 114645K, capacity 120282K, committed 120472K, reserved 1155072K
  class space    used 14692K, capacity 15740K, committed 15792K, reserved 1048576K
Event: 431.959 GC heap after
Heap after GC invocations=21 (full 4):
 PSYoungGen      total 295936K, used 21138K [0x00000000d5580000, 0x00000000eb880000, 0x0000000100000000)
  eden space 274432K, 0% used [0x00000000d5580000,0x00000000d5580000,0x00000000e6180000)
  from space 21504K, 98% used [0x00000000e8300000,0x00000000e97a4898,0x00000000e9800000)
  to   space 33280K, 0% used [0x00000000e9800000,0x00000000e9800000,0x00000000eb880000)
 ParOldGen       total 205824K, used 74999K [0x0000000080000000, 0x000000008c900000, 0x00000000d5580000)
  object space 205824K, 36% used [0x0000000080000000,0x000000008493de20,0x000000008c900000)
 Metaspace       used 114645K, capacity 120282K, committed 120472K, reserved 1155072K
  class space    used 14692K, capacity 15740K, committed 15792K, reserved 1048576K
}
Event: 527.572 GC heap before
{Heap before GC invocations=22 (full 4):
 PSYoungGen      total 295936K, used 295570K [0x00000000d5580000, 0x00000000eb880000, 0x0000000100000000)
  eden space 274432K, 100% used [0x00000000d5580000,0x00000000e6180000,0x00000000e6180000)
  from space 21504K, 98% used [0x00000000e8300000,0x00000000e97a4898,0x00000000e9800000)
  to   space 33280K, 0% used [0x00000000e9800000,0x00000000e9800000,0x00000000eb880000)
 ParOldGen       total 205824K, used 74999K [0x0000000080000000, 0x000000008c900000, 0x00000000d5580000)
  object space 205824K, 36% used [0x0000000080000000,0x000000008493de20,0x000000008c900000)
 Metaspace       used 115448K, capacity 121778K, committed 122008K, reserved 1155072K
  class space    used 14800K, capacity 15936K, committed 16048K, reserved 1048576K
Event: 527.585 GC heap after
Heap after GC invocations=22 (full 4):
 PSYoungGen      total 282112K, used 14618K [0x00000000d5580000, 0x00000000ea680000, 0x0000000100000000)
  eden space 267264K, 0% used [0x00000000d5580000,0x00000000d5580000,0x00000000e5a80000)
  from space 14848K, 98% used [0x00000000e9800000,0x00000000ea646968,0x00000000ea680000)
  to   space 33280K, 0% used [0x00000000e6580000,0x00000000e6580000,0x00000000e8600000)
 ParOldGen       total 205824K, used 75007K [0x0000000080000000, 0x000000008c900000, 0x00000000d5580000)
  object space 205824K, 36% used [0x0000000080000000,0x000000008493fe20,0x000000008c900000)
 Metaspace       used 115448K, capacity 121778K, committed 122008K, reserved 1155072K
  class space    used 14800K, capacity 15936K, committed 16048K, reserved 1048576K
}

