# JRE version: OpenJDK Runtime Environment (8.0_242-b01) (build 1.8.0_242-release-1644-b01)
# Java VM: OpenJDK 64-Bit Server VM (25.242-b01 mixed mode windows-amd64 compressed oops)
Heap:
 PSYoungGen      total 288768K, used 231219K [0x00000000d5580000, 0x00000000e9100000, 0x0000000100000000)
  eden space 263680K, 78% used [0x00000000d5580000,0x00000000e1ed4028,0x00000000e5700000)
  from space 25088K, 99% used [0x00000000e7480000,0x00000000e8cf8ea0,0x00000000e8d00000)
  to   space 29696K, 0% used [0x00000000e5700000,0x00000000e5700000,0x00000000e7400000)
 ParOldGen       total 197632K, used 43229K [0x0000000080000000, 0x000000008c100000, 0x00000000d5580000)
  object space 197632K, 21% used [0x0000000080000000,0x0000000082a37568,0x000000008c100000)
 Metaspace       used 90698K, capacity 94486K, committed 94616K, reserved 1130496K
  class space    used 11943K, capacity 12648K, committed 12720K, reserved 1048576K
GC Heap History (10 events):
Event: 6.285 GC heap before
{Heap before GC invocations=11 (full 2):
 PSYoungGen      total 179712K, used 179524K [0x00000000d5580000, 0x00000000e2d80000, 0x0000000100000000)
  eden space 172032K, 100% used [0x00000000d5580000,0x00000000dfd80000,0x00000000dfd80000)
  from space 7680K, 97% used [0x00000000e2600000,0x00000000e2d51068,0x00000000e2d80000)
  to   space 11776K, 0% used [0x00000000e1680000,0x00000000e1680000,0x00000000e2200000)
 ParOldGen       total 131584K, used 15093K [0x0000000080000000, 0x0000000088080000, 0x00000000d5580000)
  object space 131584K, 11% used [0x0000000080000000,0x0000000080ebd468,0x0000000088080000)
 Metaspace       used 52767K, capacity 54774K, committed 54824K, reserved 1097728K
  class space    used 7012K, capacity 7463K, committed 7472K, reserved 1048576K
Event: 6.305 GC heap after
Heap after GC invocations=11 (full 2):
 PSYoungGen      total 209408K, used 11764K [0x00000000d5580000, 0x00000000e5300000, 0x0000000100000000)
  eden space 197632K, 0% used [0x00000000d5580000,0x00000000d5580000,0x00000000e1680000)
  from space 11776K, 99% used [0x00000000e1680000,0x00000000e21fd300,0x00000000e2200000)
  to   space 18432K, 0% used [0x00000000e4100000,0x00000000e4100000,0x00000000e5300000)
 ParOldGen       total 131584K, used 29324K [0x0000000080000000, 0x0000000088080000, 0x00000000d5580000)
  object space 131584K, 22% used [0x0000000080000000,0x0000000081ca3048,0x0000000088080000)
 Metaspace       used 52767K, capacity 54774K, committed 54824K, reserved 1097728K
  class space    used 7012K, capacity 7463K, committed 7472K, reserved 1048576K
}
Event: 6.762 GC heap before
{Heap before GC invocations=12 (full 2):
 PSYoungGen      total 209408K, used 55216K [0x00000000d5580000, 0x00000000e5300000, 0x0000000100000000)
  eden space 197632K, 21% used [0x00000000d5580000,0x00000000d7feee90,0x00000000e1680000)
  from space 11776K, 99% used [0x00000000e1680000,0x00000000e21fd300,0x00000000e2200000)
  to   space 18432K, 0% used [0x00000000e4100000,0x00000000e4100000,0x00000000e5300000)
 ParOldGen       total 131584K, used 29324K [0x0000000080000000, 0x0000000088080000, 0x00000000d5580000)
  object space 131584K, 22% used [0x0000000080000000,0x0000000081ca3048,0x0000000088080000)
 Metaspace       used 56816K, capacity 59076K, committed 59160K, reserved 1099776K
  class space    used 7687K, capacity 8161K, committed 8240K, reserved 1048576K
Event: 6.774 GC heap after
Heap after GC invocations=12 (full 2):
 PSYoungGen      total 239616K, used 16874K [0x00000000d5580000, 0x00000000e7880000, 0x0000000100000000)
  eden space 221184K, 0% used [0x00000000d5580000,0x00000000d5580000,0x00000000e2d80000)
  from space 18432K, 91% used [0x00000000e4100000,0x00000000e517ab68,0x00000000e5300000)
  to   space 19968K, 0% used [0x00000000e2d80000,0x00000000e2d80000,0x00000000e4100000)
 ParOldGen       total 131584K, used 29332K [0x0000000080000000, 0x0000000088080000, 0x00000000d5580000)
  object space 131584K, 22% used [0x0000000080000000,0x0000000081ca5048,0x0000000088080000)
 Metaspace       used 56816K, capacity 59076K, committed 59160K, reserved 1099776K
  class space    used 7687K, capacity 8161K, committed 8240K, reserved 1048576K
}
Event: 6.774 GC heap before
{Heap before GC invocations=13 (full 3):
 PSYoungGen      total 239616K, used 16874K [0x00000000d5580000, 0x00000000e7880000, 0x0000000100000000)
  eden space 221184K, 0% used [0x00000000d5580000,0x00000000d5580000,0x00000000e2d80000)
  from space 18432K, 91% used [0x00000000e4100000,0x00000000e517ab68,0x00000000e5300000)
  to   space 19968K, 0% used [0x00000000e2d80000,0x00000000e2d80000,0x00000000e4100000)
 ParOldGen       total 131584K, used 29332K [0x0000000080000000, 0x0000000088080000, 0x00000000d5580000)
  object space 131584K, 22% used [0x0000000080000000,0x0000000081ca5048,0x0000000088080000)
 Metaspace       used 56816K, capacity 59076K, committed 59160K, reserved 1099776K
  class space    used 7687K, capacity 8161K, committed 8240K, reserved 1048576K
Event: 6.932 GC heap after
Heap after GC invocations=13 (full 3):
 PSYoungGen      total 239616K, used 0K [0x00000000d5580000, 0x00000000e7880000, 0x0000000100000000)
  eden space 221184K, 0% used [0x00000000d5580000,0x00000000d5580000,0x00000000e2d80000)
  from space 18432K, 0% used [0x00000000e4100000,0x00000000e4100000,0x00000000e5300000)
  to   space 19968K, 0% used [0x00000000e2d80000,0x00000000e2d80000,0x00000000e4100000)
 ParOldGen       total 197632K, used 33100K [0x0000000080000000, 0x000000008c100000, 0x00000000d5580000)
  object space 197632K, 16% used [0x0000000080000000,0x00000000820532e0,0x000000008c100000)
 Metaspace       used 56775K, capacity 58938K, committed 59160K, reserved 1099776K
  class space    used 7675K, capacity 8138K, committed 8240K, reserved 1048576K
}
Event: 8.646 GC heap before
{Heap before GC invocations=14 (full 3):
 PSYoungGen      total 239616K, used 221184K [0x00000000d5580000, 0x00000000e7880000, 0x0000000100000000)
  eden space 221184K, 100% used [0x00000000d5580000,0x00000000e2d80000,0x00000000e2d80000)
  from space 18432K, 0% used [0x00000000e4100000,0x00000000e4100000,0x00000000e5300000)
  to   space 19968K, 0% used [0x00000000e2d80000,0x00000000e2d80000,0x00000000e4100000)
 ParOldGen       total 197632K, used 33100K [0x0000000080000000, 0x000000008c100000, 0x00000000d5580000)
  object space 197632K, 16% used [0x0000000080000000,0x00000000820532e0,0x000000008c100000)
 Metaspace       used 67394K, capacity 70686K, committed 70936K, reserved 1110016K
  class space    used 9279K, capacity 9914K, committed 10032K, reserved 1048576K
Event: 8.662 GC heap after
Heap after GC invocations=14 (full 3):
 PSYoungGen      total 241152K, used 19947K [0x00000000d5580000, 0x00000000e8d00000, 0x0000000100000000)
  eden space 221184K, 0% used [0x00000000d5580000,0x00000000d5580000,0x00000000e2d80000)
  from space 19968K, 99% used [0x00000000e2d80000,0x00000000e40faf80,0x00000000e4100000)
  to   space 25088K, 0% used [0x00000000e7480000,0x00000000e7480000,0x00000000e8d00000)
 ParOldGen       total 197632K, used 39450K [0x0000000080000000, 0x000000008c100000, 0x00000000d5580000)
  object space 197632K, 19% used [0x0000000080000000,0x0000000082686838,0x000000008c100000)
 Metaspace       used 67394K, capacity 70686K, committed 70936K, reserved 1110016K
  class space    used 9279K, capacity 9914K, committed 10032K, reserved 1048576K
}
Event: 11.195 GC heap before
{Heap before GC invocations=15 (full 3):
 PSYoungGen      total 241152K, used 241131K [0x00000000d5580000, 0x00000000e8d00000, 0x0000000100000000)
  eden space 221184K, 100% used [0x00000000d5580000,0x00000000e2d80000,0x00000000e2d80000)
  from space 19968K, 99% used [0x00000000e2d80000,0x00000000e40faf80,0x00000000e4100000)
  to   space 25088K, 0% used [0x00000000e7480000,0x00000000e7480000,0x00000000e8d00000)
 ParOldGen       total 197632K, used 39450K [0x0000000080000000, 0x000000008c100000, 0x00000000d5580000)
  object space 197632K, 19% used [0x0000000080000000,0x0000000082686838,0x000000008c100000)
 Metaspace       used 73072K, capacity 76590K, committed 76696K, reserved 1116160K
  class space    used 9925K, capacity 10576K, committed 10672K, reserved 1048576K
Event: 11.213 GC heap after
Heap after GC invocations=15 (full 3):
 PSYoungGen      total 288768K, used 25059K [0x00000000d5580000, 0x00000000e9100000, 0x0000000100000000)
  eden space 263680K, 0% used [0x00000000d5580000,0x00000000d5580000,0x00000000e5700000)
  from space 25088K, 99% used [0x00000000e7480000,0x00000000e8cf8ea0,0x00000000e8d00000)
  to   space 29696K, 0% used [0x00000000e5700000,0x00000000e5700000,0x00000000e7400000)
 ParOldGen       total 197632K, used 43229K [0x0000000080000000, 0x000000008c100000, 0x00000000d5580000)
  object space 197632K, 21% used [0x0000000080000000,0x0000000082a37568,0x000000008c100000)
 Metaspace       used 73072K, capacity 76590K, committed 76696K, reserved 1116160K
  class space    used 9925K, capacity 10576K, committed 10672K, reserved 1048576K
}

